<?xml version="1.0" encoding="UTF-8"?>
<!-- Generated by org.testng.reporters.JUnitReportReporter -->
<testsuite hostname="DESKTOP-PD5N7TA" failures="0" tests="1" name="com.implementation.selenium.TestCases.TestLoginPage" time="16.164" errors="0" timestamp="13 Feb 2021 07:06:12 GMT" skipped="0">
  <testcase classname="com.implementation.selenium.TestCases.TestLoginPage" name="loginCheck" time="16.164"/>
</testsuite> <!-- com.implementation.selenium.TestCases.TestLoginPage -->
